# JRE version: OpenJDK Runtime Environment Temurin-21.0.9+10 (21.0.9+10) (build 21.0.9+10-LTS)
# Java VM: OpenJDK 64-Bit Server VM Temurin-21.0.9+10 (21.0.9+10-LTS, mixed mode, sharing, tiered, compressed oops, compressed class ptrs, parallel gc, windows-amd64)
GC Precious Log:
 CardTable entry size: 512
 CPUs: 4 total, 4 available
 Memory: 8071M
 Large Page Support: Disabled
 NUMA Support: Disabled
 Compressed Oops: Enabled (32-bit)
 Alignments: Space 512K, Generation 512K, Heap 2M
 Heap Min Capacity: 100M
 Heap Initial Capacity: 100M
 Heap Max Capacity: 2G
 Pre-touch: Disabled
 Parallel Workers: 4
Heap:
 PSYoungGen      total 18944K, used 3370K [0x00000000d5580000, 0x00000000d6f00000, 0x0000000100000000)
  eden space 17920K, 13% used [0x00000000d5580000,0x00000000d57cdd68,0x00000000d6700000)
  from space 1024K, 98% used [0x00000000d6c80000,0x00000000d6d7caa0,0x00000000d6d80000)
  to   space 1536K, 0% used [0x00000000d6d80000,0x00000000d6d80000,0x00000000d6f00000)
 ParOldGen       total 68608K, used 33522K [0x0000000080000000, 0x0000000084300000, 0x00000000d5580000)
  object space 68608K, 48% used [0x0000000080000000,0x00000000820bc860,0x0000000084300000)
 Metaspace       used 52905K, committed 53952K, reserved 1114112K
  class space    used 5891K, committed 6336K, reserved 1048576K
GC Heap History (20 events):
Event: 30.344 GC heap before
{Heap before GC invocations=20 (full 2):
 PSYoungGen      total 23040K, used 23033K [0x00000000d5580000, 0x00000000d6f00000, 0x0000000100000000)
  eden space 22016K, 100% used [0x00000000d5580000,0x00000000d6b00000,0x00000000d6b00000)
  from space 1024K, 99% used [0x00000000d6d00000,0x00000000d6dfe600,0x00000000d6e00000)
  to   space 1024K, 0% used [0x00000000d6e00000,0x00000000d6e00000,0x00000000d6f00000)
 ParOldGen       total 68608K, used 18015K [0x0000000080000000, 0x0000000084300000, 0x00000000d5580000)
  object space 68608K, 26% used [0x0000000080000000,0x0000000081197d00,0x0000000084300000)
 Metaspace       used 40455K, committed 41536K, reserved 1114112K
  class space    used 4274K, committed 4736K, reserved 1048576K
}
Event: 30.348 GC heap after
{Heap after GC invocations=20 (full 2):
 PSYoungGen      total 23040K, used 1024K [0x00000000d5580000, 0x00000000d7100000, 0x0000000100000000)
  eden space 22016K, 0% used [0x00000000d5580000,0x00000000d5580000,0x00000000d6b00000)
  from space 1024K, 100% used [0x00000000d6e00000,0x00000000d6f00000,0x00000000d6f00000)
  to   space 3072K, 0% used [0x00000000d6b00000,0x00000000d6b00000,0x00000000d6e00000)
 ParOldGen       total 68608K, used 19382K [0x0000000080000000, 0x0000000084300000, 0x00000000d5580000)
  object space 68608K, 28% used [0x0000000080000000,0x00000000812ed950,0x0000000084300000)
 Metaspace       used 40455K, committed 41536K, reserved 1114112K
  class space    used 4274K, committed 4736K, reserved 1048576K
}
Event: 30.779 GC heap before
{Heap before GC invocations=21 (full 2):
 PSYoungGen      total 23040K, used 23040K [0x00000000d5580000, 0x00000000d7100000, 0x0000000100000000)
  eden space 22016K, 100% used [0x00000000d5580000,0x00000000d6b00000,0x00000000d6b00000)
  from space 1024K, 100% used [0x00000000d6e00000,0x00000000d6f00000,0x00000000d6f00000)
  to   space 3072K, 0% used [0x00000000d6b00000,0x00000000d6b00000,0x00000000d6e00000)
 ParOldGen       total 68608K, used 19382K [0x0000000080000000, 0x0000000084300000, 0x00000000d5580000)
  object space 68608K, 28% used [0x0000000080000000,0x00000000812ed950,0x0000000084300000)
 Metaspace       used 43523K, committed 44672K, reserved 1114112K
  class space    used 4671K, committed 5184K, reserved 1048576K
}
Event: 30.783 GC heap after
{Heap after GC invocations=21 (full 2):
 PSYoungGen      total 23552K, used 1306K [0x00000000d5580000, 0x00000000d6f00000, 0x0000000100000000)
  eden space 22016K, 0% used [0x00000000d5580000,0x00000000d5580000,0x00000000d6b00000)
  from space 1536K, 85% used [0x00000000d6b00000,0x00000000d6c46b38,0x00000000d6c80000)
  to   space 2048K, 0% used [0x00000000d6d00000,0x00000000d6d00000,0x00000000d6f00000)
 ParOldGen       total 68608K, used 20390K [0x0000000080000000, 0x0000000084300000, 0x00000000d5580000)
  object space 68608K, 29% used [0x0000000080000000,0x00000000813e9950,0x0000000084300000)
 Metaspace       used 43523K, committed 44672K, reserved 1114112K
  class space    used 4671K, committed 5184K, reserved 1048576K
}
Event: 31.247 GC heap before
{Heap before GC invocations=22 (full 2):
 PSYoungGen      total 23552K, used 23322K [0x00000000d5580000, 0x00000000d6f00000, 0x0000000100000000)
  eden space 22016K, 100% used [0x00000000d5580000,0x00000000d6b00000,0x00000000d6b00000)
  from space 1536K, 85% used [0x00000000d6b00000,0x00000000d6c46b38,0x00000000d6c80000)
  to   space 2048K, 0% used [0x00000000d6d00000,0x00000000d6d00000,0x00000000d6f00000)
 ParOldGen       total 68608K, used 20390K [0x0000000080000000, 0x0000000084300000, 0x00000000d5580000)
  object space 68608K, 29% used [0x0000000080000000,0x00000000813e9950,0x0000000084300000)
 Metaspace       used 46607K, committed 47680K, reserved 1114112K
  class space    used 5093K, committed 5568K, reserved 1048576K
}
Event: 31.253 GC heap after
{Heap after GC invocations=22 (full 2):
 PSYoungGen      total 23552K, used 1312K [0x00000000d5580000, 0x00000000d6e80000, 0x0000000100000000)
  eden space 22016K, 0% used [0x00000000d5580000,0x00000000d5580000,0x00000000d6b00000)
  from space 1536K, 85% used [0x00000000d6d00000,0x00000000d6e48000,0x00000000d6e80000)
  to   space 1536K, 0% used [0x00000000d6b00000,0x00000000d6b00000,0x00000000d6c80000)
 ParOldGen       total 68608K, used 21581K [0x0000000080000000, 0x0000000084300000, 0x00000000d5580000)
  object space 68608K, 31% used [0x0000000080000000,0x00000000815134e8,0x0000000084300000)
 Metaspace       used 46607K, committed 47680K, reserved 1114112K
  class space    used 5093K, committed 5568K, reserved 1048576K
}
Event: 31.796 GC heap before
{Heap before GC invocations=23 (full 2):
 PSYoungGen      total 23552K, used 22761K [0x00000000d5580000, 0x00000000d6e80000, 0x0000000100000000)
  eden space 22016K, 97% used [0x00000000d5580000,0x00000000d6a72698,0x00000000d6b00000)
  from space 1536K, 85% used [0x00000000d6d00000,0x00000000d6e48000,0x00000000d6e80000)
  to   space 1536K, 0% used [0x00000000d6b00000,0x00000000d6b00000,0x00000000d6c80000)
 ParOldGen       total 68608K, used 21581K [0x0000000080000000, 0x0000000084300000, 0x00000000d5580000)
  object space 68608K, 31% used [0x0000000080000000,0x00000000815134e8,0x0000000084300000)
 Metaspace       used 48873K, committed 49984K, reserved 1114112K
  class space    used 5366K, committed 5888K, reserved 1048576K
}
Event: 31.800 GC heap after
{Heap after GC invocations=23 (full 2):
 PSYoungGen      total 23552K, used 1202K [0x00000000d5580000, 0x00000000d6e00000, 0x0000000100000000)
  eden space 22016K, 0% used [0x00000000d5580000,0x00000000d5580000,0x00000000d6b00000)
  from space 1536K, 78% used [0x00000000d6b00000,0x00000000d6c2caf8,0x00000000d6c80000)
  to   space 1536K, 0% used [0x00000000d6c80000,0x00000000d6c80000,0x00000000d6e00000)
 ParOldGen       total 68608K, used 22789K [0x0000000080000000, 0x0000000084300000, 0x00000000d5580000)
  object space 68608K, 33% used [0x0000000080000000,0x00000000816414e8,0x0000000084300000)
 Metaspace       used 48873K, committed 49984K, reserved 1114112K
  class space    used 5366K, committed 5888K, reserved 1048576K
}
Event: 42.633 GC heap before
{Heap before GC invocations=24 (full 2):
 PSYoungGen      total 23552K, used 23218K [0x00000000d5580000, 0x00000000d6e00000, 0x0000000100000000)
  eden space 22016K, 100% used [0x00000000d5580000,0x00000000d6b00000,0x00000000d6b00000)
  from space 1536K, 78% used [0x00000000d6b00000,0x00000000d6c2caf8,0x00000000d6c80000)
  to   space 1536K, 0% used [0x00000000d6c80000,0x00000000d6c80000,0x00000000d6e00000)
 ParOldGen       total 68608K, used 22789K [0x0000000080000000, 0x0000000084300000, 0x00000000d5580000)
  object space 68608K, 33% used [0x0000000080000000,0x00000000816414e8,0x0000000084300000)
 Metaspace       used 49930K, committed 51072K, reserved 1114112K
  class space    used 5473K, committed 5952K, reserved 1048576K
}
Event: 42.638 GC heap after
{Heap after GC invocations=24 (full 2):
 PSYoungGen      total 19456K, used 1516K [0x00000000d5580000, 0x00000000d7600000, 0x0000000100000000)
  eden space 17920K, 0% used [0x00000000d5580000,0x00000000d5580000,0x00000000d6700000)
  from space 1536K, 98% used [0x00000000d6c80000,0x00000000d6dfb290,0x00000000d6e00000)
  to   space 5632K, 0% used [0x00000000d6700000,0x00000000d6700000,0x00000000d6c80000)
 ParOldGen       total 68608K, used 25854K [0x0000000080000000, 0x0000000084300000, 0x00000000d5580000)
  object space 68608K, 37% used [0x0000000080000000,0x000000008193fad8,0x0000000084300000)
 Metaspace       used 49930K, committed 51072K, reserved 1114112K
  class space    used 5473K, committed 5952K, reserved 1048576K
}
Event: 42.930 GC heap before
{Heap before GC invocations=25 (full 2):
 PSYoungGen      total 19456K, used 19436K [0x00000000d5580000, 0x00000000d7600000, 0x0000000100000000)
  eden space 17920K, 100% used [0x00000000d5580000,0x00000000d6700000,0x00000000d6700000)
  from space 1536K, 98% used [0x00000000d6c80000,0x00000000d6dfb290,0x00000000d6e00000)
  to   space 5632K, 0% used [0x00000000d6700000,0x00000000d6700000,0x00000000d6c80000)
 ParOldGen       total 68608K, used 25854K [0x0000000080000000, 0x0000000084300000, 0x00000000d5580000)
  object space 68608K, 37% used [0x0000000080000000,0x000000008193fad8,0x0000000084300000)
 Metaspace       used 50020K, committed 51136K, reserved 1114112K
  class space    used 5478K, committed 5952K, reserved 1048576K
}
Event: 42.936 GC heap after
{Heap after GC invocations=25 (full 2):
 PSYoungGen      total 23552K, used 5616K [0x00000000d5580000, 0x00000000d7900000, 0x0000000100000000)
  eden space 17920K, 0% used [0x00000000d5580000,0x00000000d5580000,0x00000000d6700000)
  from space 5632K, 99% used [0x00000000d6700000,0x00000000d6c7c018,0x00000000d6c80000)
  to   space 9216K, 0% used [0x00000000d7000000,0x00000000d7000000,0x00000000d7900000)
 ParOldGen       total 68608K, used 28490K [0x0000000080000000, 0x0000000084300000, 0x00000000d5580000)
  object space 68608K, 41% used [0x0000000080000000,0x0000000081bd2b98,0x0000000084300000)
 Metaspace       used 50020K, committed 51136K, reserved 1114112K
  class space    used 5478K, committed 5952K, reserved 1048576K
}
Event: 43.059 GC heap before
{Heap before GC invocations=26 (full 2):
 PSYoungGen      total 23552K, used 23536K [0x00000000d5580000, 0x00000000d7900000, 0x0000000100000000)
  eden space 17920K, 100% used [0x00000000d5580000,0x00000000d6700000,0x00000000d6700000)
  from space 5632K, 99% used [0x00000000d6700000,0x00000000d6c7c018,0x00000000d6c80000)
  to   space 9216K, 0% used [0x00000000d7000000,0x00000000d7000000,0x00000000d7900000)
 ParOldGen       total 68608K, used 28490K [0x0000000080000000, 0x0000000084300000, 0x00000000d5580000)
  object space 68608K, 41% used [0x0000000080000000,0x0000000081bd2b98,0x0000000084300000)
 Metaspace       used 50048K, committed 51200K, reserved 1114112K
  class space    used 5478K, committed 5952K, reserved 1048576K
}
Event: 43.069 GC heap after
{Heap after GC invocations=26 (full 2):
 PSYoungGen      total 22528K, used 4496K [0x00000000d5580000, 0x00000000d7480000, 0x0000000100000000)
  eden space 17920K, 0% used [0x00000000d5580000,0x00000000d5580000,0x00000000d6700000)
  from space 4608K, 97% used [0x00000000d7000000,0x00000000d7464018,0x00000000d7480000)
  to   space 6144K, 0% used [0x00000000d6880000,0x00000000d6880000,0x00000000d6e80000)
 ParOldGen       total 68608K, used 30475K [0x0000000080000000, 0x0000000084300000, 0x00000000d5580000)
  object space 68608K, 44% used [0x0000000080000000,0x0000000081dc2e50,0x0000000084300000)
 Metaspace       used 50048K, committed 51200K, reserved 1114112K
  class space    used 5478K, committed 5952K, reserved 1048576K
}
Event: 43.905 GC heap before
{Heap before GC invocations=27 (full 2):
 PSYoungGen      total 22528K, used 22416K [0x00000000d5580000, 0x00000000d7480000, 0x0000000100000000)
  eden space 17920K, 100% used [0x00000000d5580000,0x00000000d6700000,0x00000000d6700000)
  from space 4608K, 97% used [0x00000000d7000000,0x00000000d7464018,0x00000000d7480000)
  to   space 6144K, 0% used [0x00000000d6880000,0x00000000d6880000,0x00000000d6e80000)
 ParOldGen       total 68608K, used 30475K [0x0000000080000000, 0x0000000084300000, 0x00000000d5580000)
  object space 68608K, 44% used [0x0000000080000000,0x0000000081dc2e50,0x0000000084300000)
 Metaspace       used 50865K, committed 51968K, reserved 1114112K
  class space    used 5568K, committed 6016K, reserved 1048576K
}
Event: 43.908 GC heap after
{Heap after GC invocations=27 (full 2):
 PSYoungGen      total 18944K, used 524K [0x00000000d5580000, 0x00000000d7080000, 0x0000000100000000)
  eden space 17920K, 0% used [0x00000000d5580000,0x00000000d5580000,0x00000000d6700000)
  from space 1024K, 51% used [0x00000000d6880000,0x00000000d6903328,0x00000000d6980000)
  to   space 2560K, 0% used [0x00000000d6e00000,0x00000000d6e00000,0x00000000d7080000)
 ParOldGen       total 68608K, used 30643K [0x0000000080000000, 0x0000000084300000, 0x00000000d5580000)
  object space 68608K, 44% used [0x0000000080000000,0x0000000081dece50,0x0000000084300000)
 Metaspace       used 50865K, committed 51968K, reserved 1114112K
  class space    used 5568K, committed 6016K, reserved 1048576K
}
Event: 45.886 GC heap before
{Heap before GC invocations=28 (full 2):
 PSYoungGen      total 18944K, used 18444K [0x00000000d5580000, 0x00000000d7080000, 0x0000000100000000)
  eden space 17920K, 99% used [0x00000000d5580000,0x00000000d66ffe50,0x00000000d6700000)
  from space 1024K, 51% used [0x00000000d6880000,0x00000000d6903328,0x00000000d6980000)
  to   space 2560K, 0% used [0x00000000d6e00000,0x00000000d6e00000,0x00000000d7080000)
 ParOldGen       total 68608K, used 30643K [0x0000000080000000, 0x0000000084300000, 0x00000000d5580000)
  object space 68608K, 44% used [0x0000000080000000,0x0000000081dece50,0x0000000084300000)
 Metaspace       used 51524K, committed 52672K, reserved 1114112K
  class space    used 5666K, committed 6144K, reserved 1048576K
}
Event: 45.889 GC heap after
{Heap after GC invocations=28 (full 2):
 PSYoungGen      total 18432K, used 224K [0x00000000d5580000, 0x00000000d6e80000, 0x0000000100000000)
  eden space 17920K, 0% used [0x00000000d5580000,0x00000000d5580000,0x00000000d6700000)
  from space 512K, 43% used [0x00000000d6e00000,0x00000000d6e38000,0x00000000d6e80000)
  to   space 1024K, 0% used [0x00000000d6c80000,0x00000000d6c80000,0x00000000d6d80000)
 ParOldGen       total 68608K, used 31072K [0x0000000080000000, 0x0000000084300000, 0x00000000d5580000)
  object space 68608K, 45% used [0x0000000080000000,0x0000000081e58330,0x0000000084300000)
 Metaspace       used 51524K, committed 52672K, reserved 1114112K
  class space    used 5666K, committed 6144K, reserved 1048576K
}
Event: 64.308 GC heap before
{Heap before GC invocations=29 (full 2):
 PSYoungGen      total 18432K, used 18144K [0x00000000d5580000, 0x00000000d6e80000, 0x0000000100000000)
  eden space 17920K, 100% used [0x00000000d5580000,0x00000000d6700000,0x00000000d6700000)
  from space 512K, 43% used [0x00000000d6e00000,0x00000000d6e38000,0x00000000d6e80000)
  to   space 1024K, 0% used [0x00000000d6c80000,0x00000000d6c80000,0x00000000d6d80000)
 ParOldGen       total 68608K, used 31072K [0x0000000080000000, 0x0000000084300000, 0x00000000d5580000)
  object space 68608K, 45% used [0x0000000080000000,0x0000000081e58330,0x0000000084300000)
 Metaspace       used 52893K, committed 53952K, reserved 1114112K
  class space    used 5891K, committed 6336K, reserved 1048576K
}
Event: 64.316 GC heap after
{Heap after GC invocations=29 (full 2):
 PSYoungGen      total 18944K, used 1010K [0x00000000d5580000, 0x00000000d6f00000, 0x0000000100000000)
  eden space 17920K, 0% used [0x00000000d5580000,0x00000000d5580000,0x00000000d6700000)
  from space 1024K, 98% used [0x00000000d6c80000,0x00000000d6d7caa0,0x00000000d6d80000)
  to   space 1536K, 0% used [0x00000000d6d80000,0x00000000d6d80000,0x00000000d6f00000)
 ParOldGen       total 68608K, used 33522K [0x0000000080000000, 0x0000000084300000, 0x00000000d5580000)
  object space 68608K, 48% used [0x0000000080000000,0x00000000820bc860,0x0000000084300000)
 Metaspace       used 52893K, committed 53952K, reserved 1114112K
  class space    used 5891K, committed 6336K, reserved 1048576K
}

